============================================================
  Generated by:           Genus(TM) Synthesis Solution 22.17-s071_1
  Generated on:           May 05 2025  05:12:42 pm
  Module:                 address_mux
  Technology libraries:   slow_1v0 
                          pll 0.0
                          CDK_S128x16 0.0
                          CDK_S256x16 0.0
                          CDK_R512x16 0.0
                          physical_cells 
  Operating conditions:   slow 
  Interconnect mode:      global
  Area mode:              physical library
============================================================

Timing
-------
  Cost    Critical         Violating 
 Group   Path Slack  TNS     Paths   
-------------------------------------
default    No paths   0.0            
-------------------------------------
Total                 0.0          0 

Instance Count
--------------
Leaf Instance Count             5 
Physical Instance count         0 
Sequential Instance Count       0 
Combinational Instance Count    5 
Hierarchical Instance Count     0 

Area
----
Cell Area                          11.970
Physical Cell Area                 0.000
Total Cell Area (Cell+Physical)    11.970
Net Area                           13.304
Total Area (Cell+Physical+Net)     25.274

Runtime                            0.0 seconds
Elapsed Runtime                    26 seconds
Genus peak memory usage            1599.94 
Innovus peak memory usage          no_value 
Hostname                           vlsiktmt
