============================================================
  Generated by:           Genus(TM) Synthesis Solution 22.17-s071_1
  Generated on:           May 05 2025  04:54:13 pm
  Module:                 mem
  Technology libraries:   slow_1v0 
                          pll 0.0
                          CDK_S128x16 0.0
                          CDK_S256x16 0.0
                          CDK_R512x16 0.0
                          physical_cells 
                          slow_1v0 
                          pll 0.0
                          CDK_S128x16 0.0
                          CDK_S256x16 0.0
                          CDK_R512x16 0.0
                          physical_cells 
  Operating conditions:   slow 
  Interconnect mode:      global
  Area mode:              physical library
============================================================

Timing
--------

Clock Period 
-------------
clk   5000.0 


  Cost    Critical         Violating 
 Group   Path Slack  TNS     Paths   
-------------------------------------
clk          1179.5   0.0          0 
default    No paths   0.0            
-------------------------------------
Total                 0.0          0 

Instance Count
--------------
Leaf Instance Count             608 
Physical Instance count           0 
Sequential Instance Count       264 
Combinational Instance Count    344 
Hierarchical Instance Count       0 

Area
----
Cell Area                          2914.182
Physical Cell Area                 0.000
Total Cell Area (Cell+Physical)    2914.182
Net Area                           868.397
Total Area (Cell+Physical+Net)     3782.579

Runtime                            0.0 seconds
Elapsed Runtime                    52 seconds
Genus peak memory usage            1605.77 
Innovus peak memory usage          no_value 
Hostname                           vlsiktmt
