============================================================
  Generated by:           Genus(TM) Synthesis Solution 22.17-s071_1
  Generated on:           May 05 2025  05:23:10 pm
  Module:                 instruction_register
  Technology libraries:   slow_1v0 
                          pll 0.0
                          CDK_S128x16 0.0
                          CDK_S256x16 0.0
                          CDK_R512x16 0.0
                          physical_cells 
  Operating conditions:   slow 
  Interconnect mode:      global
  Area mode:              physical library
============================================================

Timing
--------

Clock Period 
-------------
clk   5000.0 


  Cost    Critical         Violating 
 Group   Path Slack  TNS     Paths   
-------------------------------------
clk          2204.0   0.0          0 
default    No paths   0.0            
-------------------------------------
Total                 0.0          0 

Instance Count
--------------
Leaf Instance Count             9 
Physical Instance count         0 
Sequential Instance Count       8 
Combinational Instance Count    1 
Hierarchical Instance Count     0 

Area
----
Cell Area                          66.348
Physical Cell Area                 0.000
Total Cell Area (Cell+Physical)    66.348
Net Area                           18.018
Total Area (Cell+Physical+Net)     84.366

Runtime                            0.0 seconds
Elapsed Runtime                    53 seconds
Genus peak memory usage            1599.20 
Innovus peak memory usage          no_value 
Hostname                           vlsiktmt
