============================================================
  Generated by:           Genus(TM) Synthesis Solution 22.17-s071_1
  Generated on:           May 05 2025  05:28:26 pm
  Module:                 program_counter
  Technology libraries:   slow_1v0 
                          pll 0.0
                          CDK_S128x16 0.0
                          CDK_S256x16 0.0
                          CDK_R512x16 0.0
                          physical_cells 
  Operating conditions:   slow 
  Interconnect mode:      global
  Area mode:              physical library
============================================================

Timing
--------

Clock Period 
-------------
clk   5000.0 


  Cost    Critical         Violating 
 Group   Path Slack  TNS     Paths   
-------------------------------------
clk          1636.5   0.0          0 
default    No paths   0.0            
-------------------------------------
Total                 0.0          0 

Instance Count
--------------
Leaf Instance Count             25 
Physical Instance count          0 
Sequential Instance Count        5 
Combinational Instance Count    20 
Hierarchical Instance Count      0 

Area
----
Cell Area                          79.002
Physical Cell Area                 0.000
Total Cell Area (Cell+Physical)    79.002
Net Area                           35.313
Total Area (Cell+Physical+Net)     114.315

Runtime                            0.0 seconds
Elapsed Runtime                    27 seconds
Genus peak memory usage            1601.52 
Innovus peak memory usage          no_value 
Hostname                           vlsiktmt
